[2015.06.28-11.03.18:248][  0]Log file open, 06/28/15 13:03:18
[2015.06.28-11.03.18:248][  0]LogInit:Display: Running engine for game: side2D
[2015.06.28-11.03.18:248][  0]LogInit:Display: RandInit(-1783131459) SRandInit(-1783131458).
[2015.06.28-11.03.18:248][  0]LogTaskGraph: Started task graph with 4 named threads and 7 total threads.
[2015.06.28-11.03.18:248][  0]LogStats: Stats thread started
[2015.06.28-11.03.18:248][  0]LogInit: Version: 4.8.0-2579680+++depot+UE4-Releases+4.8
[2015.06.28-11.03.18:248][  0]LogInit: API Version: 2579680
[2015.06.28-11.03.18:248][  0]LogInit: Compiled (64-bit): Jun  8 2015 03:34:53
[2015.06.28-11.03.18:248][  0]LogInit: Compiled with Visual C++: 18.00.21005.01
[2015.06.28-11.03.18:248][  0]LogInit: Build Configuration: Development
[2015.06.28-11.03.18:248][  0]LogInit: Branch Name: ++depot+UE4-Releases+4.8
[2015.06.28-11.03.18:248][  0]LogInit: Command line: 
[2015.06.28-11.03.18:248][  0]LogInit: Base directory: D:/Program Files/Epic Games/4.8/Engine/Binaries/Win64/
[2015.06.28-11.03.18:248][  0]LogInit: Rocket: 1
[2015.06.28-11.03.18:259][  0]LogInit: Using libcurl 7.41.0
[2015.06.28-11.03.18:259][  0]LogInit:  - built for x86_64-pc-win32
[2015.06.28-11.03.18:259][  0]LogInit:  - supports SSL with WinSSL
[2015.06.28-11.03.18:259][  0]LogInit:  - other features:
[2015.06.28-11.03.18:259][  0]LogInit:      CURL_VERSION_SSL
[2015.06.28-11.03.18:259][  0]LogInit:      CURL_VERSION_IPV6
[2015.06.28-11.03.18:259][  0]LogInit:      CURL_VERSION_ASYNCHDNS
[2015.06.28-11.03.18:259][  0]LogInit:      CURL_VERSION_LARGEFILE
[2015.06.28-11.03.18:259][  0]LogInit:      CURL_VERSION_IDN
[2015.06.28-11.03.18:259][  0]LogInit:  CurlRequestOptions (configurable via config and command line):
[2015.06.28-11.03.18:259][  0]LogInit:  - bVerifyPeer = true  - Libcurl will verify peer certificate
[2015.06.28-11.03.18:259][  0]LogInit:  - bUseHttpProxy = false  - Libcurl will NOT use HTTP proxy
[2015.06.28-11.03.18:259][  0]LogInit:  - bDontReuseConnections = false  - Libcurl will reuse connections
[2015.06.28-11.03.18:259][  0]LogInit:  - CertBundlePath = nullptr  - Libcurl will use whatever was configured at build time.
[2015.06.28-11.03.18:270][  0]LogOnline:Warning: No default platform service specified for OnlineSubsystem
[2015.06.28-11.03.18:282][  0]LogInit: Presizing for 0 objects not considered by GC, pre-allocating 0 bytes.
[2015.06.28-11.03.18:288][  0]LogInit: Object subsystem initialized
[2015.06.28-11.03.18:295][  0]LogInit: Selected Device Profile: [Windows]
[2015.06.28-11.03.18:295][  0]LogInit: Applying CVar settings loaded from the selected device profile: [Windows]
[2015.06.28-11.03.18:299][  0]LogInit: Computer: USUARIO
[2015.06.28-11.03.18:299][  0]LogInit: User: Usuario
[2015.06.28-11.03.18:299][  0]LogInit: CPU Page size=4096, Cores=4
[2015.06.28-11.03.18:299][  0]LogInit: High frequency timer resolution =3.515664 MHz
[2015.06.28-11.03.18:299][  0]LogMemory: Memory total: Physical=15.9GB (16GB approx)
[2015.06.28-11.03.18:299][  0]LogMemory: Platform Memory Stats for Windows
[2015.06.28-11.03.18:299][  0]LogMemory: Process Physical Memory: 50.32 MB used, 50.32 MB peak
[2015.06.28-11.03.18:299][  0]LogMemory: Process Virtual Memory: 22.82 MB used, 22.82 MB peak
[2015.06.28-11.03.18:299][  0]LogMemory: Physical Memory: 7530.29 MB used, 16327.09 MB total
[2015.06.28-11.03.18:299][  0]LogMemory: Virtual Memory: 284.18 MB used, 8388608.00 MB total
[2015.06.28-11.03.18:336][  0]LogTextLocalizationManager: The requested culture ('en_US') has no localization data; parent culture's ('en') localization data will be used.
[2015.06.28-11.03.18:523][  0]LogTextLocalizationManager:Warning: Loaded localization resources contain conflicting entries for (Namespace:ContentBrowser, Key:ImportAssetToolTip):
Localization Resource: (D:/Program Files/Epic Games/4.8/Engine/Content/Localization/Editor/en/Editor.locres) Source String Hash: (-630476809) Localized String: (Import to {0}...)
Localization Resource: (D:/Program Files/Epic Games/4.8/Engine/Content/Localization/Editor/en/Editor.locres) Source String Hash: (1271782899) Localized String: (Imports an asset from file to this folder.)
[2015.06.28-11.03.18:915][  0]LogD3D11RHI: Found D3D11 adapter 0: NVIDIA GeForce GTX 960 (Feature Level 11_0)
[2015.06.28-11.03.18:915][  0]LogD3D11RHI: Adapter has 1969MB of dedicated video memory, 0MB of dedicated system memory, and 2048MB of shared system memory, 2 output[s]
[2015.06.28-11.03.18:915][  0]LogD3D11RHI: Chosen D3D11 Adapter Id = 0
[2015.06.28-11.03.18:919][  0]LogRHI: Texture pool is 1361 MB (70% of 1945 MB)
[2015.06.28-11.03.18:926][  0]LogD3D11RHI: Async texture creation enabled
[2015.06.28-11.03.19:279][  0]LogShaderCompilers:Display: Using Local Shader Compiler.
[2015.06.28-11.03.20:071][  0]LogTemp:Display: Loaded TP DesktopTargetPlatform
[2015.06.28-11.03.20:085][  0]LogTemp:Display: Loaded TP WindowsClientTargetPlatform
[2015.06.28-11.03.20:098][  0]LogTemp:Display: Loaded TP WindowsNoEditorTargetPlatform
[2015.06.28-11.03.20:112][  0]LogTemp:Display: Loaded TP WindowsServerTargetPlatform
[2015.06.28-11.03.20:126][  0]LogTemp:Display: Loaded TP WindowsTargetPlatform
[2015.06.28-11.03.20:138][  0]LogTemp:Display: Loaded TP AndroidTargetPlatform
[2015.06.28-11.03.20:151][  0]LogTemp:Display: Loaded TP Android_ASTCTargetPlatform
[2015.06.28-11.03.20:163][  0]LogTemp:Display: Loaded TP Android_ATCTargetPlatform
[2015.06.28-11.03.20:175][  0]LogTemp:Display: Loaded TP Android_DXTTargetPlatform
[2015.06.28-11.03.20:189][  0]LogTemp:Display: Loaded TP Android_ETC1TargetPlatform
[2015.06.28-11.03.20:202][  0]LogTemp:Display: Loaded TP Android_ETC2TargetPlatform
[2015.06.28-11.03.20:215][  0]LogTemp:Display: Loaded TP Android_PVRTCTargetPlatform
[2015.06.28-11.03.20:262][  0]LogTemp:Display: Loaded TP IOSTargetPlatform
[2015.06.28-11.03.20:274][  0]LogTemp:Display: Loaded TP LinuxNoEditorTargetPlatform
[2015.06.28-11.03.20:286][  0]LogTemp:Display: Loaded TP LinuxServerTargetPlatform
[2015.06.28-11.03.20:299][  0]LogTemp:Display: Loaded TP LinuxTargetPlatform
[2015.06.28-11.03.20:300][  0]LogTargetPlatformManager:Display: Building Assets For Windows
[2015.06.28-11.03.20:506][  0]LogDerivedDataCache:Display: Max Cache Size: 512 MB
[2015.06.28-11.03.20:548][  0]LogDerivedDataCache: Loaded boot cache 0.04s 53MB C:/Users/Usuario/AppData/Local/UnrealEngine/4.8/DerivedDataCache/Boot.ddc.
[2015.06.28-11.03.20:548][  0]LogDerivedDataCache:Display: Loaded Boot cache: C:/Users/Usuario/AppData/Local/UnrealEngine/4.8/DerivedDataCache/Boot.ddc
[2015.06.28-11.03.20:548][  0]LogDerivedDataCache: FDerivedDataBackendGraph:  Pak pak cache file ../../../../../../GitHub/2D/side2D/DerivedDataCache/DDC.ddp not found, will not use a pak cache.
[2015.06.28-11.03.20:548][  0]LogDerivedDataCache: Unable to find inner node Pak for hierarchical cache Hierarchy.
[2015.06.28-11.03.20:548][  0]LogDerivedDataCache: FDerivedDataBackendGraph:  CompressedPak pak cache file ../../../../../../GitHub/2D/side2D/DerivedDataCache/Compressed.ddp not found, will not use a pak cache.
[2015.06.28-11.03.20:548][  0]LogDerivedDataCache: Unable to find inner node CompressedPak for hierarchical cache Hierarchy.
[2015.06.28-11.03.20:682][  0]LogDerivedDataCache:Display: Pak cache opened for reading ../../../Engine/DerivedDataCache/Compressed.ddp.
[2015.06.28-11.03.20:693][  0]LogDerivedDataCache: Using Local data cache path C:/Users/Usuario/AppData/Local/UnrealEngine/Common/DerivedDataCache: Writable
[2015.06.28-11.03.20:849][  0]LogInit: Selected Device Profile: [Windows]
[2015.06.28-11.03.20:854][  0]ImportText (ComponentSweepMultiTests): Missing closing parenthesis: (RootShapeAsset="/Engine/BasicShapes/Cube.Cube",ShapeType="TriggerCapsule",HitResult=(Time=0.50,Location=(X=-100.000015,Y=0.0,Z=100.000015),ImpactPoint=(X=-50.0,Y=0.0,Z=50.0),Normal=(X=-1.0,Y=-0.0,Z=0.0),ImpactNormal=(X=0.0,Y=0.0,Z=1.0),TraceStart=(X=-200.0,Y=0.0,Z=200.0),TraceEnd=(X=0.0,Y=0.0,Z=0.0))
[2015.06.28-11.03.20:855][  0]ImportText (LineTraceSingleByChannelTests): Missing closing parenthesis: (RootShapeAsset="/Engine/BasicShapes/Cube.Cube",HitResult=(Time=0.50,Location=(X=-100.000015,Y=0.0,Z=100.000015),ImpactPoint=(X=-50.0,Y=0.0,Z=50.0),Normal=(X=-1.0,Y=-0.0,Z=0.0),ImpactNormal=(X=0.0,Y=0.0,Z=1.0),TraceStart=(X=-200.0,Y=0.0,Z=200.0),TraceEnd=(X=0.0,Y=0.0,Z=0.0))
[2015.06.28-11.03.20:880][  0]LogMeshUtilities: No automatic mesh reduction module available
[2015.06.28-11.03.20:880][  0]LogMeshUtilities: No automatic mesh merging module available
[2015.06.28-11.03.21:236][  0]LogInit: WinSock: version 1.1 (2.2), MaxSocks=32767, MaxUdp=65467
[2015.06.28-11.03.22:116][  0]UdpMessaging: Initializing bridge on interface 0.0.0.0:0 to multicast group 230.0.0.1:6666.
[2015.06.28-11.03.22:442][  0]SourceControl: Info Source control is disabled
[2015.06.28-11.03.22:487][  0]SourceControl: Info Source control is disabled
[2015.06.28-11.03.22:497][  0]SourceControl: Info Source control is disabled
[2015.06.28-11.03.22:506][  0]SourceControl: Info Source control is disabled
[2015.06.28-11.03.22:701][  0]LogObj: 26273 objects as part of root set at end of initial load.
[2015.06.28-11.03.22:701][  0]LogUObjectAllocator: 5409248 out of 0 bytes used by permanent object pool.
[2015.06.28-11.03.22:762][  0]LogEngine: Initializing Engine...
[2015.06.28-11.03.22:765][  0]LogHMD: Can't find Oculus library dev build: is proper Runtime installed? Version: 0.6.0.0
[2015.06.28-11.03.22:766][  0]LogHMD:Warning: SteamVR failed to initialize.  Error: 110
[2015.06.28-11.03.22:886][  0]LogAIModule: Creating AISystem for world NewWorld
[2015.06.28-11.03.22:892][  0]LogInit: XAudio2 using 'Altavoces (2- Realtek High Definition Audio)' : 2 channels at 48 kHz using 32 bits per sample (channel mask 0x3)
[2015.06.28-11.03.22:923][  0]LogInit: FAudioDevice initialized.
[2015.06.28-11.03.22:946][  0]LogDerivedDataCache: Saved boot cache 0.02s 53MB C:/Users/Usuario/AppData/Local/UnrealEngine/4.8/DerivedDataCache/Boot.ddc.
[2015.06.28-11.03.22:949][  0]LogInit: Texture streaming: Disabled
[2015.06.28-11.03.22:971][  0]LogAnalytics: Creating configured Analytics provider AnalyticsET
[2015.06.28-11.03.22:971][  0]LogAnalytics: [UEEditor.Rocket.Release] APIServer = http://et2.epicgames.com/ET2/. AppVersion = 4.8.0-2579680+++depot+UE4-Releases+4.8
[2015.06.28-11.03.22:971][  0]LogAnalytics: [UEEditor.Rocket.Release] SetUserId ffccb74c4d5d6b80711c1ba3e8beea39|515bd2677bef470e89637780ff333106|5f73ccf3-b65c-43de-b49e-d0c9c20d3c76
[2015.06.28-11.03.22:971][  0]LogAnalytics: [UEEditor.Rocket.Release] AnalyticsET::StartSession
[2015.06.28-11.03.22:993][  0]LogInit: Transaction tracking system initialized
[2015.06.28-11.03.23:112][  0]BlueprintLog: New page: Editor Load
[2015.06.28-11.03.23:144][  0]LogAssetRegistry: FAssetRegistry took 0.0100 seconds to start up
[2015.06.28-11.03.23:144][  0]LogDirectoryWatcher:Warning: Failed to begin reading directory changes for ../../../Engine/Plugins/Experimental/CharacterAI/Content/. Error: 0
[2015.06.28-11.03.23:420][  0]LogInit:Warning: CVar named 'r.MobileHDR' marked up in URenderingSettings was not found or is set to read-only
[2015.06.28-11.03.24:476][  0]LogConsoleManager:Warning: Console variable 'r.VSync' wasn't set ('GameSetting' has a lower priority than 'SystemSettingsIni')
[2015.06.28-11.03.24:476][  0]LogConsoleResponse:Display: 
[2015.06.28-11.03.24:638][  0]LogCook:Display: Done creating registry. It took  0.00s.
[2015.06.28-11.03.24:792][  0]SourceControl: Info Source control is disabled
[2015.06.28-11.03.24:792][  0]Cmd: MAP LOAD FILE="../../../../../../GitHub/2D/side2D/Content/2DSideScrollerBP/Maps/2DSideScrollerExampleMap.umap" TEMPLATE=0 SHOWPROGRESS=1 FEATURELEVEL=3
[2015.06.28-11.03.24:793][  0]LightingResults: New page: Lighting Build
[2015.06.28-11.03.24:805][  0]MapCheck: New page: Map Check
[2015.06.28-11.03.24:805][  0]LightingResults: New page: Lighting Build
[2015.06.28-11.03.24:812][  0]LogParticles: Destroying 0 GPU particle simulations for FXSystem 0x0000000015FE1120
[2015.06.28-11.03.26:191][  0]LogAIModule: Creating AISystem for world 2DSideScrollerExampleMap
[2015.06.28-11.03.26:224][  0]LogEditorServer: Finished looking for orphan Actors (0.000 secs)
[2015.06.28-11.03.26:254][  0]Cmd: MAP CHECKDEP NOCLEARLOG
[2015.06.28-11.03.26:290][  0]MapCheck: Info Map check complete: 0 Error(s), 0 Warning(s), took 36.245ms to complete.
[2015.06.28-11.03.26:290][  0]LogFileHelpers: Loading map '2DSideScrollerExampleMap' took 1.498
[2015.06.28-11.03.27:558][  0]LogCollectionManager: Loaded 0 collections in 0.002011 seconds
[2015.06.28-11.03.27:565][  0]LogContentBrowser: Native class hierarchy populated in 0.0066 seconds. Added 1792 classes and 301 folders.
[2015.06.28-11.03.28:405][  0]LogContentBrowser: Native class hierarchy updated for 'WidgetCarousel' in 0.0003 seconds. Added 0 classes and 0 folders.
[2015.06.28-11.03.29:682][  0]LogContentBrowser: Native class hierarchy updated for 'AddContentDialog' in 0.0003 seconds. Added 0 classes and 0 folders.
[2015.06.28-11.03.30:225][  0]LogContentBrowser: Native class hierarchy updated for 'SceneOutliner' in 0.0004 seconds. Added 1 classes and 2 folders.
[2015.06.28-11.03.31:434][  0]LogCrashTracker: Crashtracker disabled due to settings.
[2015.06.28-11.03.31:630][  0]LogUObjectGlobals:Warning: Failed to find object 'Class None.'
[2015.06.28-11.03.31:664][  0]LogLoad: Full Startup: 14.47 seconds (BP compile: 0.09 seconds)
[2015.06.28-11.03.31:928][  0]LogContentStreaming: Texture pool size is 0.000000MB
[2015.06.28-11.03.31:952][  0]LogContentStreaming: Texture pool size now 1000 MB
[2015.06.28-11.03.32:489][  0]LogRenderer: Reallocating scene render targets to support 1208x592 (Frame:2).
[2015.06.28-11.03.33:632][  4]LogAssetRegistry: Asset discovery search completed in 10.4974 seconds
[2015.06.28-11.03.34:528][107]LogEditorViewport: Clicking on Actor (LMB): PaperSpriteActor (Background_Sprite)
[2015.06.28-11.03.35:529][158]LogEditorViewport: Clicking on Actor (LMB): PaperSpriteActor (Background_Sprite)
[2015.06.28-11.03.39:478][626]LogPlayLevel: PIE:  No blueprints needed recompiling
[2015.06.28-11.03.39:664][626]PIE: New page: PIE session: 2DSideScrollerExampleMap (Jun 28, 2015, 3:03:39 PM)
[2015.06.28-11.03.39:664][626]LogPlayLevel: Creating play world package: /Game/2DSideScrollerBP/Maps/UEDPIE_0_2DSideScrollerExampleMap
[2015.06.28-11.03.39:666][626]LogPlayLevel: PIE: StaticDuplicateObject took: (0.001613s)
[2015.06.28-11.03.39:671][626]LogAIModule: Creating AISystem for world 2DSideScrollerExampleMap
[2015.06.28-11.03.39:672][626]LogPlayLevel: PIE: World Init took: (0.000869s)
[2015.06.28-11.03.39:672][626]LogPlayLevel: PIE: Created PIE world by copying editor world from /Game/2DSideScrollerBP/Maps/2DSideScrollerExampleMap.2DSideScrollerExampleMap to /Game/2DSideScrollerBP/Maps/UEDPIE_0_2DSideScrollerExampleMap.2DSideScrollerExampleMap (0.007636s)
[2015.06.28-11.03.39:714][626]LogInit: XAudio2 using 'Altavoces (2- Realtek High Definition Audio)' : 2 channels at 48 kHz using 32 bits per sample (channel mask 0x3)
[2015.06.28-11.03.39:722][626]LogInit: FAudioDevice initialized.
[2015.06.28-11.03.39:783][626]LogWorld: Game class is '2DSideScrollerGameMode_C'
[2015.06.28-11.03.39:797][626]LogWorld: Bringing World /Game/2DSideScrollerBP/Maps/UEDPIE_0_2DSideScrollerExampleMap.2DSideScrollerExampleMap up for play (max tick rate 0) at 2015.06.28-13.03.39
[2015.06.28-11.03.39:797][626]LogActor:Warning: GameSession /Game/2DSideScrollerBP/Maps/UEDPIE_0_2DSideScrollerExampleMap.2DSideScrollerExampleMap:PersistentLevel.GameSession_0 has natively added scene component(s), but none of them were set as the actor's RootComponent - picking one arbitrarily
[2015.06.28-11.03.39:798][626]LogActor:Warning: GameNetworkManager /Game/2DSideScrollerBP/Maps/UEDPIE_0_2DSideScrollerExampleMap.2DSideScrollerExampleMap:PersistentLevel.GameNetworkManager_0 has natively added scene component(s), but none of them were set as the actor's RootComponent - picking one arbitrarily
[2015.06.28-11.03.39:800][626]LogWorld: Bringing up level for play took: 0.006574
[2015.06.28-11.03.39:861][626]PIE: Info Play in editor start time for /Game/2DSideScrollerBP/Maps/UEDPIE_0_2DSideScrollerExampleMap 1.063
[2015.06.28-11.03.56:693][617]LogParticles: Destroying 0 GPU particle simulations for FXSystem 0x000000002A362CA0
[2015.06.28-11.03.58:895][872]LogEditorViewport: Clicking on Actor (LMB): PaperSpriteActor (Background_Sprite)
[2015.06.28-11.04.00:010][  1]LogEditorViewport: Clicking on Actor (LMB): PaperSpriteActor (Background_Sprite)
[2015.06.28-11.04.02:039][237]LogEditorViewport: Clicking on Actor (LMB): 2DSideScrollerCharacter_C (2DSideScrollerCharacter)
[2015.06.28-11.04.05:081][577]LogLinker:Warning: Asset '../../../Engine/Content/ArtTools/RenderToTexture/Macros/RenderToTextureMacros.uasset' has been saved with empty engine version. The asset will be loaded but may be incompatible.
[2015.06.28-11.04.05:114][577]LogLinker:Warning: Asset '../../../Engine/Content/ArtTools/RenderToTexture/Enums/RenderToTexture_Enum.uasset' has been saved with empty engine version. The asset will be loaded but may be incompatible.
[2015.06.28-21.16.52:790][844]LogParticles: Destroying 0 GPU particle simulations for FXSystem 0x000000002A898900
[2015.06.28-21.16.54:531][845]Cmd: QUIT_EDITOR
[2015.06.28-21.16.54:728][845]LogExit: Preparing to exit.
[2015.06.28-21.16.55:672][845]LogExit: Editor shut down
[2015.06.28-21.16.55:672][845]LogExit: Transaction tracking system shut down
[2015.06.28-21.16.55:673][845]LogParticles: Destroying 0 GPU particle simulations for FXSystem 0x000000000FDEDC60
[2015.06.28-21.16.55:673][845]LogParticles: Destroying 0 GPU particle simulations for FXSystem 0x000000002A4579C0
[2015.06.28-21.16.55:673][845]LogParticles: Destroying 0 GPU particle simulations for FXSystem 0x00000000122EAF20
[2015.06.28-21.16.55:673][845]LogParticles: Destroying 0 GPU particle simulations for FXSystem 0x0000000013CBF380
[2015.06.28-21.16.55:797][845]LogExit: Object subsystem successfully closed.
[2015.06.28-21.16.55:884][845]LogModuleManager: Shutting down and abandoning module CrashTracker (188)
[2015.06.28-21.16.55:884][845]LogModuleManager: Shutting down and abandoning module SceneOutliner (187)
[2015.06.28-21.16.55:884][845]LogModuleManager: Shutting down and abandoning module SuperSearch (186)
[2015.06.28-21.16.55:884][845]LogModuleManager: Shutting down and abandoning module WidgetCarousel (185)
[2015.06.28-21.16.55:884][845]LogModuleManager: Shutting down and abandoning module AddContentDialog (184)
[2015.06.28-21.16.55:884][845]LogModuleManager: Shutting down and abandoning module EditorWidgets (183)
[2015.06.28-21.16.55:884][845]LogModuleManager: Shutting down and abandoning module CollectionManager (182)
[2015.06.28-21.16.55:884][845]LogModuleManager: Shutting down and abandoning module StatsViewer (181)
[2015.06.28-21.16.55:884][845]LogModuleManager: Shutting down and abandoning module FoliageEdit (180)
[2015.06.28-21.16.55:884][845]LogModuleManager: Shutting down and abandoning module LandscapeEditor (179)
[2015.06.28-21.16.55:884][845]LogModuleManager: Shutting down and abandoning module ActorPickerMode (178)
[2015.06.28-21.16.55:884][845]LogModuleManager: Shutting down and abandoning module GeometryMode (177)
[2015.06.28-21.16.55:884][845]LogModuleManager: Shutting down and abandoning module TextureAlignMode (176)
[2015.06.28-21.16.55:884][845]LogModuleManager: Shutting down and abandoning module BspMode (175)
[2015.06.28-21.16.55:884][845]LogModuleManager: Shutting down and abandoning module PlacementMode (174)
[2015.06.28-21.16.55:884][845]LogModuleManager: Shutting down and abandoning module AutomationWorker (173)
[2015.06.28-21.16.55:885][845]LogModuleManager: Shutting down and abandoning module CharacterAI (172)
[2015.06.28-21.16.55:885][845]LogModuleManager: Shutting down and abandoning module SmartSnapping (171)
[2015.06.28-21.16.55:885][845]LogModuleManager: Shutting down and abandoning module ViewportSnapping (170)
[2015.06.28-21.16.55:885][845]LogModuleManager: Shutting down and abandoning module LogVisualizer (169)
[2015.06.28-21.16.55:885][845]LogModuleManager: Shutting down and abandoning module GameProjectGeneration (168)
[2015.06.28-21.16.55:885][845]LogModuleManager: Shutting down and abandoning module IntroTutorials (167)
[2015.06.28-21.16.55:885][845]LogModuleManager: Shutting down and abandoning module EditorLiveStreaming (166)
[2015.06.28-21.16.55:885][845]LogModuleManager: Shutting down and abandoning module IOSPlatformEditor (165)
[2015.06.28-21.16.55:885][845]LogModuleManager: Shutting down and abandoning module HTML5PlatformEditor (164)
[2015.06.28-21.16.55:885][845]LogModuleManager: Shutting down and abandoning module AndroidDeviceDetection (163)
[2015.06.28-21.16.56:512][845]LogModuleManager: Shutting down and abandoning module AndroidPlatformEditor (162)
[2015.06.28-21.16.56:512][845]LogModuleManager: Shutting down and abandoning module IOSRuntimeSettings (161)
[2015.06.28-21.16.56:512][845]LogModuleManager: Shutting down and abandoning module AndroidRuntimeSettings (160)
[2015.06.28-21.16.56:512][845]LogModuleManager: Shutting down and abandoning module MergeActors (159)
[2015.06.28-21.16.56:512][845]LogModuleManager: Shutting down and abandoning module SizeMap (158)
[2015.06.28-21.16.56:512][845]LogModuleManager: Shutting down and abandoning module TreeMap (157)
[2015.06.28-21.16.56:512][845]LogModuleManager: Shutting down and abandoning module ReferenceViewer (156)
[2015.06.28-21.16.56:512][845]LogModuleManager: Shutting down and abandoning module LocalizationDashboard (155)
[2015.06.28-21.16.56:512][845]LogModuleManager: Shutting down and abandoning module HardwareTargeting (154)
[2015.06.28-21.16.56:512][845]LogModuleManager: Shutting down and abandoning module DeviceProfileEditor (153)
[2015.06.28-21.16.56:512][845]LogModuleManager: Shutting down and abandoning module UndoHistory (152)
[2015.06.28-21.16.56:512][845]LogModuleManager: Shutting down and abandoning module GameplayTagsEditor (151)
[2015.06.28-21.16.56:512][845]LogModuleManager: Shutting down and abandoning module UserFeedback (150)
[2015.06.28-21.16.56:512][845]LogModuleManager: Shutting down and abandoning module XmlParser (149)
[2015.06.28-21.16.56:512][845]LogModuleManager: Shutting down and abandoning module Blutility (148)
[2015.06.28-21.16.56:512][845]LogModuleManager: Shutting down and abandoning module ProjectTargetPlatformEditor (147)
[2015.06.28-21.16.56:512][845]LogModuleManager: Shutting down and abandoning module ProjectSettingsViewer (146)
[2015.06.28-21.16.56:512][845]LogModuleManager: Shutting down and abandoning module InputBindingEditor (145)
[2015.06.28-21.16.56:512][845]LogModuleManager: Shutting down and abandoning module EditorSettingsViewer (144)
[2015.06.28-21.16.56:512][845]LogModuleManager: Shutting down and abandoning module SettingsEditor (143)
[2015.06.28-21.16.56:512][845]LogModuleManager: Shutting down and abandoning module ProjectLauncher (142)
[2015.06.28-21.16.56:512][845]LogModuleManager: Shutting down and abandoning module SessionFrontend (141)
[2015.06.28-21.16.56:512][845]LogModuleManager: Shutting down and abandoning module ProfilerClient (140)
[2015.06.28-21.16.56:512][845]LogModuleManager: Shutting down and abandoning module TargetDeviceServices (139)
[2015.06.28-21.16.56:512][845]LogModuleManager: Shutting down and abandoning module DeviceManager (138)
[2015.06.28-21.16.56:512][845]LogModuleManager: Shutting down and abandoning module AutomationController (137)
[2015.06.28-21.16.56:512][845]LogModuleManager: Shutting down and abandoning module AutomationWindow (136)
[2015.06.28-21.16.56:512][845]LogModuleManager: Shutting down and abandoning module Layers (135)
[2015.06.28-21.16.56:512][845]LogModuleManager: Shutting down and abandoning module ComponentVisualizers (134)
[2015.06.28-21.16.56:512][845]LogModuleManager: Shutting down and abandoning module DetailCustomizations (133)
[2015.06.28-21.16.56:512][845]LogModuleManager: Shutting down and abandoning module PackagesDialog (132)
[2015.06.28-21.16.56:512][845]LogModuleManager: Shutting down and abandoning module AssetRegistry (131)
[2015.06.28-21.16.56:581][845]LogModuleManager: Shutting down and abandoning module Persona (130)
[2015.06.28-21.16.56:581][845]LogModuleManager: Shutting down and abandoning module Kismet (129)
[2015.06.28-21.16.56:581][845]LogModuleManager: Shutting down and abandoning module GraphEditor (128)
[2015.06.28-21.16.56:581][845]LogModuleManager: Shutting down and abandoning module ClassViewer (127)
[2015.06.28-21.16.56:581][845]LogModuleManager: Shutting down and abandoning module Toolbox (126)
[2015.06.28-21.16.56:581][845]LogModuleManager: Shutting down and abandoning module ModuleUI (125)
[2015.06.28-21.16.56:581][845]LogModuleManager: Shutting down and abandoning module MovieSceneTools (124)
[2015.06.28-21.16.56:581][845]LogModuleManager: Shutting down and abandoning module OutputLog (123)
[2015.06.28-21.16.56:581][845]LogModuleManager: Shutting down and abandoning module GammaUI (122)
[2015.06.28-21.16.56:581][845]LogModuleManager: Shutting down and abandoning module Documentation (121)
[2015.06.28-21.16.56:581][845]LogModuleManager: Shutting down and abandoning module GameLiveStreaming (120)
[2015.06.28-21.16.56:581][845]LogModuleManager: Shutting down and abandoning module StreamingPauseRendering (119)
[2015.06.28-21.16.56:581][845]LogModuleManager: Shutting down and abandoning module AnalyticsET (118)
[2015.06.28-21.16.56:581][845]LogModuleManager: Shutting down and abandoning module Analytics (117)
[2015.06.28-21.16.56:581][845]LogModuleManager: Shutting down and abandoning module AITestSuite (116)
[2015.06.28-21.16.56:581][845]LogModuleManager: Shutting down and abandoning module GameplayDebugger (115)
[2015.06.28-21.16.56:581][845]LogModuleManager: Shutting down and abandoning module AIModule (114)
[2015.06.28-21.16.56:581][845]LogModuleManager: Shutting down and abandoning module ProfilerService (113)
[2015.06.28-21.16.56:767][845]LogModuleManager: Shutting down and abandoning module TaskGraph (112)
[2015.06.28-21.16.56:767][845]LogModuleManager: Shutting down and abandoning module SlateRemote (111)
[2015.06.28-21.16.56:767][845]LogModuleManager: Shutting down and abandoning module SteamVRController (110)
[2015.06.28-21.16.56:767][845]LogModuleManager: Shutting down and abandoning module SteamVR (109)
[2015.06.28-21.16.56:767][845]LogModuleManager: Shutting down and abandoning module ProceduralMeshComponent (108)
[2015.06.28-21.16.56:767][845]LogModuleManager: Shutting down and abandoning module OculusRift (107)
[2015.06.28-21.16.56:767][845]LogModuleManager: Shutting down and abandoning module LeapMotionController (106)
[2015.06.28-21.16.56:777][845]LogModuleManager: Shutting down and abandoning module CustomMeshComponent (105)
[2015.06.28-21.16.56:777][845]LogModuleManager: Shutting down and abandoning module CableComponent (104)
[2015.06.28-21.16.56:777][845]LogModuleManager: Shutting down and abandoning module MessagingDebugger (103)
[2015.06.28-21.16.56:778][845]LogModuleManager: Shutting down and abandoning module MediaPlayerEditor (102)
[2015.06.28-21.16.56:778][845]LogModuleManager: Shutting down and abandoning module SpeedTreeImporter (101)
[2015.06.28-21.16.56:778][845]LogModuleManager: Shutting down and abandoning module PluginBrowser (100)
[2015.06.28-21.16.56:778][845]LogModuleManager: Shutting down and abandoning module EpicSurvey (99)
[2015.06.28-21.16.56:778][845]LogModuleManager: Shutting down and abandoning module DesktopPlatform (98)
[2015.06.28-21.16.56:778][845]LogModuleManager: Shutting down and abandoning module VisualStudioSourceCodeAccess (97)
[2015.06.28-21.16.56:778][845]LogModuleManager: Shutting down and abandoning module UObjectPlugin (96)
[2015.06.28-21.16.56:778][845]LogModuleManager: Shutting down and abandoning module SubversionSourceControl (95)
[2015.06.28-21.16.56:778][845]LogModuleManager: Shutting down and abandoning module PerforceSourceControl (94)
[2015.06.28-21.16.56:778][845]LogModuleManager: Shutting down and abandoning module SourceControl (93)
[2015.06.28-21.16.56:778][845]LogModuleManager: Shutting down and abandoning module GitSourceControl (92)
[2015.06.28-21.16.56:778][845]LogModuleManager: Shutting down and abandoning module BlankPlugin (91)
[2015.06.28-21.16.56:778][845]LogModuleManager: Shutting down and abandoning module PaperTiledImporter (90)
[2015.06.28-21.16.56:778][845]LogModuleManager: Shutting down and abandoning module PaperSpriteSheetImporter (89)
[2015.06.28-21.16.56:778][845]LogModuleManager: Shutting down and abandoning module MeshPaint (88)
[2015.06.28-21.16.56:778][845]LogModuleManager: Shutting down and abandoning module SlateReflector (87)
[2015.06.28-21.16.56:778][845]LogModuleManager: Shutting down and abandoning module DirectoryWatcher (86)
[2015.06.28-21.16.56:778][845]LogModuleManager: Shutting down and abandoning module HotReload (85)
[2015.06.28-21.16.56:778][845]LogModuleManager: Shutting down and abandoning module MainFrame (84)
[2015.06.28-21.16.56:778][845]LogModuleManager: Shutting down and abandoning module LevelEditor (83)
[2015.06.28-21.16.56:779][845]LogModuleManager: Shutting down and abandoning module ContentBrowser (82)
[2015.06.28-21.16.56:779][845]LogModuleManager: Shutting down and abandoning module Paper2DEditor (81)
[2015.06.28-21.16.56:779][845]LogModuleManager: Shutting down and abandoning module UdpMessaging (80)
[2015.06.28-21.16.56:879][845]LogModuleManager: Shutting down and abandoning module Paper2D (79)
[2015.06.28-21.16.56:879][845]LogModuleManager: Shutting down and abandoning module WindowsMoviePlayer (78)
[2015.06.28-21.16.56:881][845]LogModuleManager: Shutting down and abandoning module Media (77)
[2015.06.28-21.16.56:881][845]LogModuleManager: Shutting down and abandoning module WmfMedia (76)
[2015.06.28-21.16.56:881][845]LogModuleManager: Shutting down and abandoning module OnlineBlueprintSupport (75)
[2015.06.28-21.16.56:881][845]LogModuleManager: Shutting down and abandoning module PropertyEditor (74)
[2015.06.28-21.16.56:881][845]LogModuleManager: Shutting down and abandoning module BehaviorTreeEditor (73)
[2015.06.28-21.16.56:881][845]LogModuleManager: Shutting down and abandoning module FunctionalTesting (72)
[2015.06.28-21.16.56:881][845]LogModuleManager: Shutting down and abandoning module CollisionAnalyzer (71)
[2015.06.28-21.16.56:881][845]LogModuleManager: Shutting down and abandoning module WorkspaceMenuStructure (70)
[2015.06.28-21.16.56:881][845]LogModuleManager: Shutting down and abandoning module MessageLog (69)
[2015.06.28-21.16.56:881][845]LogModuleManager: Shutting down and abandoning module Sequencer (68)
[2015.06.28-21.16.56:881][845]LogModuleManager: Shutting down and abandoning module AssetTools (67)
[2015.06.28-21.16.56:881][845]LogModuleManager: Shutting down and abandoning module UMGEditor (66)
[2015.06.28-21.16.56:881][845]LogModuleManager: Shutting down and abandoning module UMG (65)
[2015.06.28-21.16.56:881][845]LogModuleManager: Shutting down and abandoning module Slate (64)
[2015.06.28-21.16.56:881][845]LogModuleManager: Shutting down and abandoning module EditorStyle (63)
[2015.06.28-21.16.56:883][845]LogModuleManager: Shutting down and abandoning module SessionServices (62)
[2015.06.28-21.16.56:883][845]LogModuleManager: Shutting down and abandoning module SourceCodeAccess (61)
[2015.06.28-21.16.56:883][845]LogModuleManager: Shutting down and abandoning module HeadMountedDisplay (60)
[2015.06.28-21.16.56:883][845]LogModuleManager: Shutting down and abandoning module XAudio2 (59)
[2015.06.28-21.16.56:883][845]LogModuleManager: Shutting down and abandoning module Networking (57)
[2015.06.28-21.16.56:883][845]LogModuleManager: Shutting down and abandoning module Core (56)
[2015.06.28-21.16.56:883][845]LogModuleManager: Shutting down and abandoning module KismetCompiler (55)
[2015.06.28-21.16.56:883][845]LogModuleManager: Shutting down and abandoning module PhysXFormats (54)
[2015.06.28-21.16.56:883][845]LogModuleManager: Shutting down and abandoning module MeshUtilities (53)
[2015.06.28-21.16.56:883][845]LogModuleManager: Shutting down and abandoning module DerivedDataCache (52)
[2015.06.28-21.16.56:898][845]LogDerivedDataCache: Shutdown
[2015.06.28-21.16.56:898][845]LogModuleManager: Shutting down and abandoning module ShaderFormatOpenGL (51)
[2015.06.28-21.16.56:898][845]LogModuleManager: Shutting down and abandoning module ShaderFormatD3D (50)
[2015.06.28-21.16.56:898][845]LogModuleManager: Shutting down and abandoning module MetalShaderFormat (49)
[2015.06.28-21.16.56:898][845]LogModuleManager: Shutting down and abandoning module TextureFormatUncompressed (48)
[2015.06.28-21.16.56:898][845]LogModuleManager: Shutting down and abandoning module TextureFormatPVR (47)
[2015.06.28-21.16.56:898][845]LogModuleManager: Shutting down and abandoning module TextureFormatIntelISPCTexComp (46)
[2015.06.28-21.16.56:898][845]LogModuleManager: Shutting down and abandoning module TextureFormatDXT (45)
[2015.06.28-21.16.56:898][845]LogModuleManager: Shutting down and abandoning module ImageWrapper (44)
[2015.06.28-21.16.56:898][845]LogModuleManager: Shutting down and abandoning module TextureFormatASTC (43)
[2015.06.28-21.16.56:898][845]LogModuleManager: Shutting down and abandoning module TextureFormatAndroid (42)
[2015.06.28-21.16.56:898][845]LogModuleManager: Shutting down and abandoning module AudioFormatOpus (41)
[2015.06.28-21.16.56:898][845]LogModuleManager: Shutting down and abandoning module AudioFormatOgg (40)
[2015.06.28-21.16.56:898][845]LogModuleManager: Shutting down and abandoning module AudioFormatADPCM (39)
[2015.06.28-21.16.56:898][845]LogModuleManager: Shutting down and abandoning module LinuxTargetPlatform (38)
[2015.06.28-21.16.56:898][845]LogModuleManager: Shutting down and abandoning module LinuxServerTargetPlatform (37)
[2015.06.28-21.16.56:898][845]LogModuleManager: Shutting down and abandoning module LinuxNoEditorTargetPlatform (36)
[2015.06.28-21.16.56:898][845]LogModuleManager: Shutting down and abandoning module Messaging (35)
[2015.06.28-21.16.56:898][845]LogModuleManager: Shutting down and abandoning module IOSTargetPlatform (34)
[2015.06.28-21.16.56:898][845]LogModuleManager: Shutting down and abandoning module HTML5TargetPlatform (33)
[2015.06.28-21.16.56:898][845]LogModuleManager: Shutting down and abandoning module Android_PVRTCTargetPlatform (32)
[2015.06.28-21.16.56:898][845]LogModuleManager: Shutting down and abandoning module Android_ETC2TargetPlatform (31)
[2015.06.28-21.16.56:898][845]LogModuleManager: Shutting down and abandoning module Android_ETC1TargetPlatform (30)
[2015.06.28-21.16.56:898][845]LogModuleManager: Shutting down and abandoning module Android_DXTTargetPlatform (29)
[2015.06.28-21.16.56:898][845]LogModuleManager: Shutting down and abandoning module Android_ATCTargetPlatform (28)
[2015.06.28-21.16.56:898][845]LogModuleManager: Shutting down and abandoning module Android_ASTCTargetPlatform (27)
[2015.06.28-21.16.56:898][845]LogModuleManager: Shutting down and abandoning module AndroidTargetPlatform (26)
[2015.06.28-21.16.56:898][845]LogModuleManager: Shutting down and abandoning module WindowsTargetPlatform (25)
[2015.06.28-21.16.56:898][845]LogModuleManager: Shutting down and abandoning module WindowsServerTargetPlatform (24)
[2015.06.28-21.16.56:898][845]LogModuleManager: Shutting down and abandoning module WindowsNoEditorTargetPlatform (23)
[2015.06.28-21.16.56:898][845]LogModuleManager: Shutting down and abandoning module WindowsClientTargetPlatform (22)
[2015.06.28-21.16.56:898][845]LogModuleManager: Shutting down and abandoning module DesktopTargetPlatform (21)
[2015.06.28-21.16.56:898][845]LogModuleManager: Shutting down and abandoning module TargetPlatform (20)
[2015.06.28-21.16.56:898][845]LogModuleManager: Shutting down and abandoning module InputCore (19)
[2015.06.28-21.16.56:898][845]LogModuleManager: Shutting down and abandoning module Settings (18)
[2015.06.28-21.16.56:898][845]LogModuleManager: Shutting down and abandoning module OnlineSubsystem (16)
[2015.06.28-21.16.56:898][845]LogModuleManager: Shutting down and abandoning module HTTP (15)
[2015.06.28-21.16.56:898][845]LogModuleManager: Shutting down and abandoning module ExampleDeviceProfileSelector (14)
[2015.06.28-21.16.56:898][845]LogModuleManager: Shutting down and abandoning module TextureCompressor (13)
[2015.06.28-21.16.56:898][845]LogModuleManager: Shutting down and abandoning module ShaderCore (12)
[2015.06.28-21.16.56:898][845]LogModuleManager: Shutting down and abandoning module Landscape (11)
[2015.06.28-21.16.56:898][845]LogModuleManager: Shutting down and abandoning module SlateRHIRenderer (10)
[2015.06.28-21.16.56:900][845]LogModuleManager: Shutting down and abandoning module OpenGLDrv (9)
[2015.06.28-21.16.56:900][845]LogModuleManager: Shutting down and abandoning module D3D11RHI (8)
[2015.06.28-21.16.56:900][845]LogModuleManager: Shutting down and abandoning module Renderer (7)
[2015.06.28-21.16.56:900][845]LogModuleManager: Shutting down and abandoning module Engine (6)
[2015.06.28-21.16.56:900][845]LogModuleManager: Shutting down and abandoning module CoreUObject (5)
[2015.06.28-21.16.56:900][845]LogModuleManager: Shutting down and abandoning module NetworkFile (4)
[2015.06.28-21.16.56:900][845]LogModuleManager: Shutting down and abandoning module StreamingFile (3)
[2015.06.28-21.16.56:900][845]LogModuleManager: Shutting down and abandoning module SandboxFile (2)
[2015.06.28-21.16.56:900][845]LogModuleManager: Shutting down and abandoning module PakFile (1)
[2015.06.28-21.16.56:900][845]LogExit: Exiting.
[2015.06.28-21.16.56:908][845]Log file closed, 06/28/15 23:16:56
